C:\USERS\AMINE\DOCUMENTS\VISUAL STUDIO 2012\PROJECTS\PROJECT EDITOR\PROJECT EDITOR\X64\DEBUG\ABSTRACTGUI.OBJ
C:\USERS\AMINE\DOCUMENTS\VISUAL STUDIO 2012\PROJECTS\PROJECT EDITOR\PROJECT EDITOR\X64\DEBUG\EDITOR.OBJ
C:\USERS\AMINE\DOCUMENTS\VISUAL STUDIO 2012\PROJECTS\PROJECT EDITOR\PROJECT EDITOR\X64\DEBUG\GAMEMANAGER.OBJ
C:\USERS\AMINE\DOCUMENTS\VISUAL STUDIO 2012\PROJECTS\PROJECT EDITOR\PROJECT EDITOR\X64\DEBUG\GUI.OBJ
C:\USERS\AMINE\DOCUMENTS\VISUAL STUDIO 2012\PROJECTS\PROJECT EDITOR\PROJECT EDITOR\X64\DEBUG\PROJECT EDITOR.OBJ
C:\USERS\AMINE\DOCUMENTS\VISUAL STUDIO 2012\PROJECTS\PROJECT EDITOR\PROJECT EDITOR\X64\DEBUG\STDAFX.OBJ
C:\USERS\AMINE\DOCUMENTS\VISUAL STUDIO 2012\PROJECTS\PROJECT EDITOR\PROJECT EDITOR\X64\DEBUG\TEXTUREMANAGER.OBJ
C:\USERS\AMINE\DOCUMENTS\VISUAL STUDIO 2012\PROJECTS\PROJECT EDITOR\PROJECT EDITOR\X64\DEBUG\TOPTILE.OBJ
C:\USERS\AMINE\DOCUMENTS\VISUAL STUDIO 2012\PROJECTS\PROJECT EDITOR\PROJECT EDITOR\X64\DEBUG\VC110.PDB
C:\USERS\AMINE\DOCUMENTS\VISUAL STUDIO 2012\PROJECTS\PROJECT EDITOR\X64\DEBUG\PROJECT EDITOR.ILK
C:\USERS\AMINE\DOCUMENTS\VISUAL STUDIO 2012\PROJECTS\PROJECT EDITOR\X64\DEBUG\PROJECT EDITOR.EXE
C:\USERS\AMINE\DOCUMENTS\VISUAL STUDIO 2012\PROJECTS\PROJECT EDITOR\X64\DEBUG\PROJECT EDITOR.PDB
C:\Users\AMINE\Documents\Visual Studio 2012\Projects\Project Editor\Project Editor\x64\Debug\AbstractGUI.obj
C:\Users\AMINE\Documents\Visual Studio 2012\Projects\Project Editor\Project Editor\x64\Debug\Editor.obj
C:\Users\AMINE\Documents\Visual Studio 2012\Projects\Project Editor\Project Editor\x64\Debug\GameManager.obj
C:\Users\AMINE\Documents\Visual Studio 2012\Projects\Project Editor\Project Editor\x64\Debug\GUI.obj
C:\Users\AMINE\Documents\Visual Studio 2012\Projects\Project Editor\Project Editor\x64\Debug\Project Editor.obj
C:\Users\AMINE\Documents\Visual Studio 2012\Projects\Project Editor\Project Editor\x64\Debug\stdafx.obj
C:\Users\AMINE\Documents\Visual Studio 2012\Projects\Project Editor\Project Editor\x64\Debug\TextureManager.obj
C:\Users\AMINE\Documents\Visual Studio 2012\Projects\Project Editor\Project Editor\x64\Debug\TopTile.obj
C:\Users\AMINE\Documents\Visual Studio 2012\Projects\Project Editor\Project Editor\x64\Debug\cl.command.1.tlog
C:\Users\AMINE\Documents\Visual Studio 2012\Projects\Project Editor\Project Editor\x64\Debug\CL.read.1.tlog
C:\Users\AMINE\Documents\Visual Studio 2012\Projects\Project Editor\Project Editor\x64\Debug\CL.write.1.tlog
C:\Users\AMINE\Documents\Visual Studio 2012\Projects\Project Editor\Project Editor\x64\Debug\link-cvtres.read.1.tlog
C:\Users\AMINE\Documents\Visual Studio 2012\Projects\Project Editor\Project Editor\x64\Debug\link-cvtres.write.1.tlog
C:\Users\AMINE\Documents\Visual Studio 2012\Projects\Project Editor\Project Editor\x64\Debug\link-rc.read.1.tlog
C:\Users\AMINE\Documents\Visual Studio 2012\Projects\Project Editor\Project Editor\x64\Debug\link-rc.write.1.tlog
C:\Users\AMINE\Documents\Visual Studio 2012\Projects\Project Editor\Project Editor\x64\Debug\link.command.1.tlog
C:\Users\AMINE\Documents\Visual Studio 2012\Projects\Project Editor\Project Editor\x64\Debug\link.read.1.tlog
C:\Users\AMINE\Documents\Visual Studio 2012\Projects\Project Editor\Project Editor\x64\Debug\link.write.1.tlog
C:\Users\AMINE\Documents\Visual Studio 2012\Projects\Project Editor\Project Editor\x64\Debug\vc110.idb
C:\Users\AMINE\Documents\Visual Studio 2012\Projects\Project Editor\Project Editor\x64\Debug\vc110.pdb
C:\Users\AMINE\Documents\Visual Studio 2012\Projects\Project Editor\x64\Debug\Project Editor.pdb
C:\Users\AMINE\Documents\Visual Studio 2012\Projects\Project Editor\x64\Debug\Project Editor.exe
C:\Users\AMINE\Documents\Visual Studio 2012\Projects\Project Editor\x64\Debug\Project Editor.ilk
