C:\USERS\AMINE\DOCUMENTS\VISUAL STUDIO 2012\PROJECTS\PROJECT EDITOR\PROJECT EDITOR\X64\RELEASE\TOPTILE.OBJ
C:\USERS\AMINE\DOCUMENTS\VISUAL STUDIO 2012\PROJECTS\PROJECT EDITOR\PROJECT EDITOR\X64\RELEASE\TEXTUREMANAGER.OBJ
C:\USERS\AMINE\DOCUMENTS\VISUAL STUDIO 2012\PROJECTS\PROJECT EDITOR\PROJECT EDITOR\X64\RELEASE\STDAFX.OBJ
C:\USERS\AMINE\DOCUMENTS\VISUAL STUDIO 2012\PROJECTS\PROJECT EDITOR\PROJECT EDITOR\X64\RELEASE\PROJECT EDITOR.OBJ
C:\USERS\AMINE\DOCUMENTS\VISUAL STUDIO 2012\PROJECTS\PROJECT EDITOR\PROJECT EDITOR\X64\RELEASE\GUI.OBJ
C:\USERS\AMINE\DOCUMENTS\VISUAL STUDIO 2012\PROJECTS\PROJECT EDITOR\PROJECT EDITOR\X64\RELEASE\GAMEMANAGER.OBJ
C:\USERS\AMINE\DOCUMENTS\VISUAL STUDIO 2012\PROJECTS\PROJECT EDITOR\PROJECT EDITOR\X64\RELEASE\EDITOR.OBJ
C:\USERS\AMINE\DOCUMENTS\VISUAL STUDIO 2012\PROJECTS\PROJECT EDITOR\PROJECT EDITOR\X64\RELEASE\ABSTRACTGUI.OBJ
C:\USERS\AMINE\DOCUMENTS\VISUAL STUDIO 2012\PROJECTS\PROJECT EDITOR\PROJECT EDITOR\X64\RELEASE\VC110.PDB
C:\USERS\AMINE\DOCUMENTS\VISUAL STUDIO 2012\PROJECTS\PROJECT EDITOR\X64\RELEASE\PROJECT EDITOR.EXE
C:\USERS\AMINE\DOCUMENTS\VISUAL STUDIO 2012\PROJECTS\PROJECT EDITOR\X64\RELEASE\PROJECT EDITOR.PDB
C:\Users\AMINE\Documents\Visual Studio 2012\Projects\Project Editor\Project Editor\x64\Release\AbstractGUI.obj
C:\Users\AMINE\Documents\Visual Studio 2012\Projects\Project Editor\Project Editor\x64\Release\Editor.obj
C:\Users\AMINE\Documents\Visual Studio 2012\Projects\Project Editor\Project Editor\x64\Release\GameManager.obj
C:\Users\AMINE\Documents\Visual Studio 2012\Projects\Project Editor\Project Editor\x64\Release\GUI.obj
C:\Users\AMINE\Documents\Visual Studio 2012\Projects\Project Editor\Project Editor\x64\Release\Project Editor.obj
C:\Users\AMINE\Documents\Visual Studio 2012\Projects\Project Editor\Project Editor\x64\Release\stdafx.obj
C:\Users\AMINE\Documents\Visual Studio 2012\Projects\Project Editor\Project Editor\x64\Release\TextureManager.obj
C:\Users\AMINE\Documents\Visual Studio 2012\Projects\Project Editor\Project Editor\x64\Release\TopTile.obj
C:\Users\AMINE\Documents\Visual Studio 2012\Projects\Project Editor\Project Editor\x64\Release\cl.command.1.tlog
C:\Users\AMINE\Documents\Visual Studio 2012\Projects\Project Editor\Project Editor\x64\Release\CL.read.1.tlog
C:\Users\AMINE\Documents\Visual Studio 2012\Projects\Project Editor\Project Editor\x64\Release\CL.write.1.tlog
C:\Users\AMINE\Documents\Visual Studio 2012\Projects\Project Editor\Project Editor\x64\Release\link-cvtres.read.1.tlog
C:\Users\AMINE\Documents\Visual Studio 2012\Projects\Project Editor\Project Editor\x64\Release\link-cvtres.write.1.tlog
C:\Users\AMINE\Documents\Visual Studio 2012\Projects\Project Editor\Project Editor\x64\Release\link-rc.read.1.tlog
C:\Users\AMINE\Documents\Visual Studio 2012\Projects\Project Editor\Project Editor\x64\Release\link-rc.write.1.tlog
C:\Users\AMINE\Documents\Visual Studio 2012\Projects\Project Editor\Project Editor\x64\Release\link.command.1.tlog
C:\Users\AMINE\Documents\Visual Studio 2012\Projects\Project Editor\Project Editor\x64\Release\link.read.1.tlog
C:\Users\AMINE\Documents\Visual Studio 2012\Projects\Project Editor\Project Editor\x64\Release\link.write.1.tlog
C:\Users\AMINE\Documents\Visual Studio 2012\Projects\Project Editor\Project Editor\x64\Release\vc110.pdb
C:\Users\AMINE\Documents\Visual Studio 2012\Projects\Project Editor\x64\Release\Project Editor.pdb
C:\Users\AMINE\Documents\Visual Studio 2012\Projects\Project Editor\x64\Release\Project Editor.exe
