Build started 30/01/2015 17:54:25.
     1>Project "C:\Users\AMINE\Documents\Visual Studio 2012\Projects\Project Editor\Project Editor\Project Editor.vcxproj" on node 2 (Build target(s)).
     1>ClCompile:
         C:\Program Files (x86)\Microsoft Visual Studio 11.0\VC\bin\x86_amd64\CL.exe /c /I"D:\SFML 2.1\SFML-2.1\include" /Zi /nologo /W3 /WX- /sdl /O2 /Oi /GL /D WIN32 /D NDEBUG /D _CONSOLE /D _UNICODE /D UNICODE /Gm- /EHsc /MD /GS /Gy /fp:precise /Zc:wchar_t /Zc:forScope /Fo"x64\Release\\" /Fd"x64\Release\vc110.pdb" /Gd /TP /errorReport:prompt "Project Editor.cpp"
         Project Editor.cpp
       Link:
         C:\Program Files (x86)\Microsoft Visual Studio 11.0\VC\bin\x86_amd64\link.exe /ERRORREPORT:PROMPT /OUT:"C:\Users\AMINE\Documents\Visual Studio 2012\Projects\Project Editor\x64\Release\Project Editor.exe" /INCREMENTAL:NO /NOLOGO /LIBPATH:"D:\SFML 2.1\SFML-2.1\lib" "sfml-graphics.lib" "sfml-audio.lib" "sfml-window.lib" "sfml-system.lib" kernel32.lib user32.lib gdi32.lib winspool.lib comdlg32.lib advapi32.lib shell32.lib ole32.lib oleaut32.lib uuid.lib odbc32.lib odbccp32.lib kernel32.lib user32.lib gdi32.lib winspool.lib comdlg32.lib advapi32.lib shell32.lib ole32.lib oleaut32.lib uuid.lib odbc32.lib odbccp32.lib /MANIFEST /MANIFESTUAC:"level='asInvoker' uiAccess='false'" /manifest:embed /DEBUG /PDB:"C:\Users\AMINE\Documents\Visual Studio 2012\Projects\Project Editor\x64\Release\Project Editor.pdb" /SUBSYSTEM:CONSOLE /OPT:REF /OPT:ICF /LTCG /TLBID:1 /DYNAMICBASE /NXCOMPAT /IMPLIB:"C:\Users\AMINE\Documents\Visual Studio 2012\Projects\Project Editor\x64\Release\Project Editor.lib" /MACHINE:X64 x64\Release\AbstractGUI.obj
         x64\Release\Editor.obj
         x64\Release\GameManager.obj
         x64\Release\GUI.obj
         "x64\Release\Project Editor.obj"
         x64\Release\stdafx.obj
         x64\Release\TextureManager.obj
         x64\Release\TopTile.obj
         Generating code
         Finished generating code
         Project Editor.vcxproj -> C:\Users\AMINE\Documents\Visual Studio 2012\Projects\Project Editor\x64\Release\Project Editor.exe
     1>Done Building Project "C:\Users\AMINE\Documents\Visual Studio 2012\Projects\Project Editor\Project Editor\Project Editor.vcxproj" (Build target(s)).

Build succeeded.

Time Elapsed 00:00:02.34
